<?xml version="1.0" encoding="UTF-8"?>
<testng-results skipped="6" failed="0" ignored="0" total="6" passed="0">
  <reporter-output>
  </reporter-output>
  <suite name="Default suite" duration-ms="47" started-at="2019-08-26T19:42:05Z" finished-at="2019-08-26T19:42:05Z">
    <groups>
    </groups>
    <test name="Default test" duration-ms="47" started-at="2019-08-26T19:42:05Z" finished-at="2019-08-26T19:42:05Z">
      <class name="com.magenic.jmaqs.selenium.UIWaitFactoryUnitTest">
        <test-method status="FAIL" signature="setup(java.lang.reflect.Method, org.testng.ITestContext)[pri:0, instance:com.magenic.jmaqs.selenium.UIWaitFactoryUnitTest@32464a14]" name="setup" is-config="true" duration-ms="0" started-at="2019-08-26T19:42:05Z" finished-at="2019-08-26T19:42:05Z">
          <exception class="org.testng.TestNGException">
            <message>
              <![CDATA[
Can inject only one of <ITestContext, XmlTest> into a @BeforeClass annotated setup.
For more information on native dependency injection please refer to http://testng.org/doc/documentation-main.html#native-dependency-injection]]>
            </message>
            <full-stacktrace>
              <![CDATA[org.testng.TestNGException: 
Can inject only one of <ITestContext, XmlTest> into a @BeforeClass annotated setup.
For more information on native dependency injection please refer to http://testng.org/doc/documentation-main.html#native-dependency-injection
at org.testng.internal.Parameters.checkParameterTypes(Parameters.java:407)
at org.testng.internal.Parameters.createParametersForMethod(Parameters.java:356)
at org.testng.internal.Parameters.createParameters(Parameters.java:635)
at org.testng.internal.Parameters.createConfigurationParameters(Parameters.java:190)
at org.testng.internal.Invoker.invokeConfigurations(Invoker.java:209)
at org.testng.internal.Invoker.invokeConfigurations(Invoker.java:142)
at org.testng.internal.TestMethodWorker.invokeBeforeClassMethods(TestMethodWorker.java:168)
at org.testng.internal.TestMethodWorker.run(TestMethodWorker.java:105)
at org.testng.TestRunner.privateRun(TestRunner.java:648)
at org.testng.TestRunner.run(TestRunner.java:505)
at org.testng.SuiteRunner.runTest(SuiteRunner.java:455)
at org.testng.SuiteRunner.runSequentially(SuiteRunner.java:450)
at org.testng.SuiteRunner.privateRun(SuiteRunner.java:415)
at org.testng.SuiteRunner.run(SuiteRunner.java:364)
at org.testng.SuiteRunnerWorker.runSuite(SuiteRunnerWorker.java:52)
at org.testng.SuiteRunnerWorker.run(SuiteRunnerWorker.java:84)
at org.testng.TestNG.runSuitesSequentially(TestNG.java:1208)
at org.testng.TestNG.runSuitesLocally(TestNG.java:1137)
at org.testng.TestNG.runSuites(TestNG.java:1049)
at org.testng.TestNG.run(TestNG.java:1017)
at org.testng.remote.AbstractRemoteTestNG.run(AbstractRemoteTestNG.java:114)
at org.testng.remote.RemoteTestNG.initAndRun(RemoteTestNG.java:251)
at org.testng.remote.RemoteTestNG.main(RemoteTestNG.java:77)
]]>
            </full-stacktrace>
          </exception> <!-- org.testng.TestNGException -->
          <reporter-output>
          </reporter-output>
        </test-method> <!-- setup -->
        <test-method status="SKIP" signature="postSetupLogging()[pri:0, instance:com.magenic.jmaqs.selenium.UIWaitFactoryUnitTest@32464a14]" name="postSetupLogging" is-config="true" duration-ms="0" started-at="2019-08-26T19:42:05Z" finished-at="2019-08-26T19:42:05Z">
          <reporter-output>
          </reporter-output>
        </test-method> <!-- postSetupLogging -->
        <test-method status="SKIP" signature="getWaitDriverTest()[pri:0, instance:com.magenic.jmaqs.selenium.UIWaitFactoryUnitTest@32464a14]" name="getWaitDriverTest" duration-ms="0" started-at="2019-08-26T19:42:05Z" finished-at="2019-08-26T19:42:05Z">
          <exception class="org.testng.TestNGException">
            <message>
              <![CDATA[
Can inject only one of <ITestContext, XmlTest> into a @BeforeClass annotated setup.
For more information on native dependency injection please refer to http://testng.org/doc/documentation-main.html#native-dependency-injection]]>
            </message>
            <full-stacktrace>
              <![CDATA[org.testng.TestNGException: 
Can inject only one of <ITestContext, XmlTest> into a @BeforeClass annotated setup.
For more information on native dependency injection please refer to http://testng.org/doc/documentation-main.html#native-dependency-injection
at org.testng.internal.Parameters.checkParameterTypes(Parameters.java:407)
at org.testng.internal.Parameters.createParametersForMethod(Parameters.java:356)
at org.testng.internal.Parameters.createParameters(Parameters.java:635)
at org.testng.internal.Parameters.createConfigurationParameters(Parameters.java:190)
at org.testng.internal.Invoker.invokeConfigurations(Invoker.java:209)
at org.testng.internal.Invoker.invokeConfigurations(Invoker.java:142)
at org.testng.internal.TestMethodWorker.invokeBeforeClassMethods(TestMethodWorker.java:168)
at org.testng.internal.TestMethodWorker.run(TestMethodWorker.java:105)
at org.testng.TestRunner.privateRun(TestRunner.java:648)
at org.testng.TestRunner.run(TestRunner.java:505)
at org.testng.SuiteRunner.runTest(SuiteRunner.java:455)
at org.testng.SuiteRunner.runSequentially(SuiteRunner.java:450)
at org.testng.SuiteRunner.privateRun(SuiteRunner.java:415)
at org.testng.SuiteRunner.run(SuiteRunner.java:364)
at org.testng.SuiteRunnerWorker.runSuite(SuiteRunnerWorker.java:52)
at org.testng.SuiteRunnerWorker.run(SuiteRunnerWorker.java:84)
at org.testng.TestNG.runSuitesSequentially(TestNG.java:1208)
at org.testng.TestNG.runSuitesLocally(TestNG.java:1137)
at org.testng.TestNG.runSuites(TestNG.java:1049)
at org.testng.TestNG.run(TestNG.java:1017)
at org.testng.remote.AbstractRemoteTestNG.run(AbstractRemoteTestNG.java:114)
at org.testng.remote.RemoteTestNG.initAndRun(RemoteTestNG.java:251)
at org.testng.remote.RemoteTestNG.main(RemoteTestNG.java:77)
]]>
            </full-stacktrace>
          </exception> <!-- org.testng.TestNGException -->
          <reporter-output>
          </reporter-output>
        </test-method> <!-- getWaitDriverTest -->
        <test-method status="SKIP" signature="setTestResult(org.testng.ITestResult)[pri:0, instance:com.magenic.jmaqs.selenium.UIWaitFactoryUnitTest@32464a14]" name="setTestResult" is-config="true" duration-ms="0" started-at="2019-08-26T19:42:05Z" finished-at="2019-08-26T19:42:05Z">
          <reporter-output>
          </reporter-output>
        </test-method> <!-- setTestResult -->
        <test-method status="SKIP" signature="teardown()[pri:0, instance:com.magenic.jmaqs.selenium.UIWaitFactoryUnitTest@32464a14]" name="teardown" is-config="true" duration-ms="0" started-at="2019-08-26T19:42:05Z" finished-at="2019-08-26T19:42:05Z">
          <reporter-output>
          </reporter-output>
        </test-method> <!-- teardown -->
        <test-method status="SKIP" signature="postSetupLogging()[pri:0, instance:com.magenic.jmaqs.selenium.UIWaitFactoryUnitTest@32464a14]" name="postSetupLogging" is-config="true" duration-ms="0" started-at="2019-08-26T19:42:05Z" finished-at="2019-08-26T19:42:05Z">
          <reporter-output>
          </reporter-output>
        </test-method> <!-- postSetupLogging -->
        <test-method status="SKIP" signature="getWaitDriverWhenOneExists()[pri:0, instance:com.magenic.jmaqs.selenium.UIWaitFactoryUnitTest@32464a14]" name="getWaitDriverWhenOneExists" duration-ms="0" started-at="2019-08-26T19:42:05Z" finished-at="2019-08-26T19:42:05Z">
          <exception class="org.testng.TestNGException">
            <message>
              <![CDATA[
Can inject only one of <ITestContext, XmlTest> into a @BeforeClass annotated setup.
For more information on native dependency injection please refer to http://testng.org/doc/documentation-main.html#native-dependency-injection]]>
            </message>
            <full-stacktrace>
              <![CDATA[org.testng.TestNGException: 
Can inject only one of <ITestContext, XmlTest> into a @BeforeClass annotated setup.
For more information on native dependency injection please refer to http://testng.org/doc/documentation-main.html#native-dependency-injection
at org.testng.internal.Parameters.checkParameterTypes(Parameters.java:407)
at org.testng.internal.Parameters.createParametersForMethod(Parameters.java:356)
at org.testng.internal.Parameters.createParameters(Parameters.java:635)
at org.testng.internal.Parameters.createConfigurationParameters(Parameters.java:190)
at org.testng.internal.Invoker.invokeConfigurations(Invoker.java:209)
at org.testng.internal.Invoker.invokeConfigurations(Invoker.java:142)
at org.testng.internal.TestMethodWorker.invokeBeforeClassMethods(TestMethodWorker.java:168)
at org.testng.internal.TestMethodWorker.run(TestMethodWorker.java:105)
at org.testng.TestRunner.privateRun(TestRunner.java:648)
at org.testng.TestRunner.run(TestRunner.java:505)
at org.testng.SuiteRunner.runTest(SuiteRunner.java:455)
at org.testng.SuiteRunner.runSequentially(SuiteRunner.java:450)
at org.testng.SuiteRunner.privateRun(SuiteRunner.java:415)
at org.testng.SuiteRunner.run(SuiteRunner.java:364)
at org.testng.SuiteRunnerWorker.runSuite(SuiteRunnerWorker.java:52)
at org.testng.SuiteRunnerWorker.run(SuiteRunnerWorker.java:84)
at org.testng.TestNG.runSuitesSequentially(TestNG.java:1208)
at org.testng.TestNG.runSuitesLocally(TestNG.java:1137)
at org.testng.TestNG.runSuites(TestNG.java:1049)
at org.testng.TestNG.run(TestNG.java:1017)
at org.testng.remote.AbstractRemoteTestNG.run(AbstractRemoteTestNG.java:114)
at org.testng.remote.RemoteTestNG.initAndRun(RemoteTestNG.java:251)
at org.testng.remote.RemoteTestNG.main(RemoteTestNG.java:77)
]]>
            </full-stacktrace>
          </exception> <!-- org.testng.TestNGException -->
          <reporter-output>
          </reporter-output>
        </test-method> <!-- getWaitDriverWhenOneExists -->
        <test-method status="SKIP" signature="setTestResult(org.testng.ITestResult)[pri:0, instance:com.magenic.jmaqs.selenium.UIWaitFactoryUnitTest@32464a14]" name="setTestResult" is-config="true" duration-ms="0" started-at="2019-08-26T19:42:05Z" finished-at="2019-08-26T19:42:05Z">
          <reporter-output>
          </reporter-output>
        </test-method> <!-- setTestResult -->
        <test-method status="SKIP" signature="postSetupLogging()[pri:0, instance:com.magenic.jmaqs.selenium.UIWaitFactoryUnitTest@32464a14]" name="postSetupLogging" is-config="true" duration-ms="0" started-at="2019-08-26T19:42:05Z" finished-at="2019-08-26T19:42:05Z">
          <reporter-output>
          </reporter-output>
        </test-method> <!-- postSetupLogging -->
        <test-method status="SKIP" signature="teardown()[pri:0, instance:com.magenic.jmaqs.selenium.UIWaitFactoryUnitTest@32464a14]" name="teardown" is-config="true" duration-ms="0" started-at="2019-08-26T19:42:05Z" finished-at="2019-08-26T19:42:05Z">
          <reporter-output>
          </reporter-output>
        </test-method> <!-- teardown -->
        <test-method status="SKIP" signature="getWaitDriverWithWebElement()[pri:0, instance:com.magenic.jmaqs.selenium.UIWaitFactoryUnitTest@32464a14]" name="getWaitDriverWithWebElement" duration-ms="0" started-at="2019-08-26T19:42:05Z" finished-at="2019-08-26T19:42:05Z">
          <exception class="org.testng.TestNGException">
            <message>
              <![CDATA[
Can inject only one of <ITestContext, XmlTest> into a @BeforeClass annotated setup.
For more information on native dependency injection please refer to http://testng.org/doc/documentation-main.html#native-dependency-injection]]>
            </message>
            <full-stacktrace>
              <![CDATA[org.testng.TestNGException: 
Can inject only one of <ITestContext, XmlTest> into a @BeforeClass annotated setup.
For more information on native dependency injection please refer to http://testng.org/doc/documentation-main.html#native-dependency-injection
at org.testng.internal.Parameters.checkParameterTypes(Parameters.java:407)
at org.testng.internal.Parameters.createParametersForMethod(Parameters.java:356)
at org.testng.internal.Parameters.createParameters(Parameters.java:635)
at org.testng.internal.Parameters.createConfigurationParameters(Parameters.java:190)
at org.testng.internal.Invoker.invokeConfigurations(Invoker.java:209)
at org.testng.internal.Invoker.invokeConfigurations(Invoker.java:142)
at org.testng.internal.TestMethodWorker.invokeBeforeClassMethods(TestMethodWorker.java:168)
at org.testng.internal.TestMethodWorker.run(TestMethodWorker.java:105)
at org.testng.TestRunner.privateRun(TestRunner.java:648)
at org.testng.TestRunner.run(TestRunner.java:505)
at org.testng.SuiteRunner.runTest(SuiteRunner.java:455)
at org.testng.SuiteRunner.runSequentially(SuiteRunner.java:450)
at org.testng.SuiteRunner.privateRun(SuiteRunner.java:415)
at org.testng.SuiteRunner.run(SuiteRunner.java:364)
at org.testng.SuiteRunnerWorker.runSuite(SuiteRunnerWorker.java:52)
at org.testng.SuiteRunnerWorker.run(SuiteRunnerWorker.java:84)
at org.testng.TestNG.runSuitesSequentially(TestNG.java:1208)
at org.testng.TestNG.runSuitesLocally(TestNG.java:1137)
at org.testng.TestNG.runSuites(TestNG.java:1049)
at org.testng.TestNG.run(TestNG.java:1017)
at org.testng.remote.AbstractRemoteTestNG.run(AbstractRemoteTestNG.java:114)
at org.testng.remote.RemoteTestNG.initAndRun(RemoteTestNG.java:251)
at org.testng.remote.RemoteTestNG.main(RemoteTestNG.java:77)
]]>
            </full-stacktrace>
          </exception> <!-- org.testng.TestNGException -->
          <reporter-output>
          </reporter-output>
        </test-method> <!-- getWaitDriverWithWebElement -->
        <test-method status="SKIP" signature="setTestResult(org.testng.ITestResult)[pri:0, instance:com.magenic.jmaqs.selenium.UIWaitFactoryUnitTest@32464a14]" name="setTestResult" is-config="true" duration-ms="0" started-at="2019-08-26T19:42:05Z" finished-at="2019-08-26T19:42:05Z">
          <reporter-output>
          </reporter-output>
        </test-method> <!-- setTestResult -->
        <test-method status="SKIP" signature="teardown()[pri:0, instance:com.magenic.jmaqs.selenium.UIWaitFactoryUnitTest@32464a14]" name="teardown" is-config="true" duration-ms="0" started-at="2019-08-26T19:42:05Z" finished-at="2019-08-26T19:42:05Z">
          <reporter-output>
          </reporter-output>
        </test-method> <!-- teardown -->
        <test-method status="SKIP" signature="removeWaitDriver()[pri:0, instance:com.magenic.jmaqs.selenium.UIWaitFactoryUnitTest@32464a14]" name="removeWaitDriver" duration-ms="0" started-at="2019-08-26T19:42:05Z" finished-at="2019-08-26T19:42:05Z">
          <exception class="org.testng.TestNGException">
            <message>
              <![CDATA[
Can inject only one of <ITestContext, XmlTest> into a @BeforeClass annotated setup.
For more information on native dependency injection please refer to http://testng.org/doc/documentation-main.html#native-dependency-injection]]>
            </message>
            <full-stacktrace>
              <![CDATA[org.testng.TestNGException: 
Can inject only one of <ITestContext, XmlTest> into a @BeforeClass annotated setup.
For more information on native dependency injection please refer to http://testng.org/doc/documentation-main.html#native-dependency-injection
at org.testng.internal.Parameters.checkParameterTypes(Parameters.java:407)
at org.testng.internal.Parameters.createParametersForMethod(Parameters.java:356)
at org.testng.internal.Parameters.createParameters(Parameters.java:635)
at org.testng.internal.Parameters.createConfigurationParameters(Parameters.java:190)
at org.testng.internal.Invoker.invokeConfigurations(Invoker.java:209)
at org.testng.internal.Invoker.invokeConfigurations(Invoker.java:142)
at org.testng.internal.TestMethodWorker.invokeBeforeClassMethods(TestMethodWorker.java:168)
at org.testng.internal.TestMethodWorker.run(TestMethodWorker.java:105)
at org.testng.TestRunner.privateRun(TestRunner.java:648)
at org.testng.TestRunner.run(TestRunner.java:505)
at org.testng.SuiteRunner.runTest(SuiteRunner.java:455)
at org.testng.SuiteRunner.runSequentially(SuiteRunner.java:450)
at org.testng.SuiteRunner.privateRun(SuiteRunner.java:415)
at org.testng.SuiteRunner.run(SuiteRunner.java:364)
at org.testng.SuiteRunnerWorker.runSuite(SuiteRunnerWorker.java:52)
at org.testng.SuiteRunnerWorker.run(SuiteRunnerWorker.java:84)
at org.testng.TestNG.runSuitesSequentially(TestNG.java:1208)
at org.testng.TestNG.runSuitesLocally(TestNG.java:1137)
at org.testng.TestNG.runSuites(TestNG.java:1049)
at org.testng.TestNG.run(TestNG.java:1017)
at org.testng.remote.AbstractRemoteTestNG.run(AbstractRemoteTestNG.java:114)
at org.testng.remote.RemoteTestNG.initAndRun(RemoteTestNG.java:251)
at org.testng.remote.RemoteTestNG.main(RemoteTestNG.java:77)
]]>
            </full-stacktrace>
          </exception> <!-- org.testng.TestNGException -->
          <reporter-output>
          </reporter-output>
        </test-method> <!-- removeWaitDriver -->
        <test-method status="SKIP" signature="postSetupLogging()[pri:0, instance:com.magenic.jmaqs.selenium.UIWaitFactoryUnitTest@32464a14]" name="postSetupLogging" is-config="true" duration-ms="0" started-at="2019-08-26T19:42:05Z" finished-at="2019-08-26T19:42:05Z">
          <reporter-output>
          </reporter-output>
        </test-method> <!-- postSetupLogging -->
        <test-method status="SKIP" signature="setTestResult(org.testng.ITestResult)[pri:0, instance:com.magenic.jmaqs.selenium.UIWaitFactoryUnitTest@32464a14]" name="setTestResult" is-config="true" duration-ms="0" started-at="2019-08-26T19:42:05Z" finished-at="2019-08-26T19:42:05Z">
          <reporter-output>
          </reporter-output>
        </test-method> <!-- setTestResult -->
        <test-method status="SKIP" signature="teardown()[pri:0, instance:com.magenic.jmaqs.selenium.UIWaitFactoryUnitTest@32464a14]" name="teardown" is-config="true" duration-ms="0" started-at="2019-08-26T19:42:05Z" finished-at="2019-08-26T19:42:05Z">
          <reporter-output>
          </reporter-output>
        </test-method> <!-- teardown -->
        <test-method status="SKIP" signature="postSetupLogging()[pri:0, instance:com.magenic.jmaqs.selenium.UIWaitFactoryUnitTest@32464a14]" name="postSetupLogging" is-config="true" duration-ms="0" started-at="2019-08-26T19:42:05Z" finished-at="2019-08-26T19:42:05Z">
          <reporter-output>
          </reporter-output>
        </test-method> <!-- postSetupLogging -->
        <test-method status="SKIP" signature="setWaitDriverWhenDriverKeyDoesExist()[pri:0, instance:com.magenic.jmaqs.selenium.UIWaitFactoryUnitTest@32464a14]" name="setWaitDriverWhenDriverKeyDoesExist" duration-ms="0" started-at="2019-08-26T19:42:05Z" finished-at="2019-08-26T19:42:05Z">
          <exception class="org.testng.TestNGException">
            <message>
              <![CDATA[
Can inject only one of <ITestContext, XmlTest> into a @BeforeClass annotated setup.
For more information on native dependency injection please refer to http://testng.org/doc/documentation-main.html#native-dependency-injection]]>
            </message>
            <full-stacktrace>
              <![CDATA[org.testng.TestNGException: 
Can inject only one of <ITestContext, XmlTest> into a @BeforeClass annotated setup.
For more information on native dependency injection please refer to http://testng.org/doc/documentation-main.html#native-dependency-injection
at org.testng.internal.Parameters.checkParameterTypes(Parameters.java:407)
at org.testng.internal.Parameters.createParametersForMethod(Parameters.java:356)
at org.testng.internal.Parameters.createParameters(Parameters.java:635)
at org.testng.internal.Parameters.createConfigurationParameters(Parameters.java:190)
at org.testng.internal.Invoker.invokeConfigurations(Invoker.java:209)
at org.testng.internal.Invoker.invokeConfigurations(Invoker.java:142)
at org.testng.internal.TestMethodWorker.invokeBeforeClassMethods(TestMethodWorker.java:168)
at org.testng.internal.TestMethodWorker.run(TestMethodWorker.java:105)
at org.testng.TestRunner.privateRun(TestRunner.java:648)
at org.testng.TestRunner.run(TestRunner.java:505)
at org.testng.SuiteRunner.runTest(SuiteRunner.java:455)
at org.testng.SuiteRunner.runSequentially(SuiteRunner.java:450)
at org.testng.SuiteRunner.privateRun(SuiteRunner.java:415)
at org.testng.SuiteRunner.run(SuiteRunner.java:364)
at org.testng.SuiteRunnerWorker.runSuite(SuiteRunnerWorker.java:52)
at org.testng.SuiteRunnerWorker.run(SuiteRunnerWorker.java:84)
at org.testng.TestNG.runSuitesSequentially(TestNG.java:1208)
at org.testng.TestNG.runSuitesLocally(TestNG.java:1137)
at org.testng.TestNG.runSuites(TestNG.java:1049)
at org.testng.TestNG.run(TestNG.java:1017)
at org.testng.remote.AbstractRemoteTestNG.run(AbstractRemoteTestNG.java:114)
at org.testng.remote.RemoteTestNG.initAndRun(RemoteTestNG.java:251)
at org.testng.remote.RemoteTestNG.main(RemoteTestNG.java:77)
]]>
            </full-stacktrace>
          </exception> <!-- org.testng.TestNGException -->
          <reporter-output>
          </reporter-output>
        </test-method> <!-- setWaitDriverWhenDriverKeyDoesExist -->
        <test-method status="SKIP" signature="setTestResult(org.testng.ITestResult)[pri:0, instance:com.magenic.jmaqs.selenium.UIWaitFactoryUnitTest@32464a14]" name="setTestResult" is-config="true" duration-ms="0" started-at="2019-08-26T19:42:05Z" finished-at="2019-08-26T19:42:05Z">
          <reporter-output>
          </reporter-output>
        </test-method> <!-- setTestResult -->
        <test-method status="SKIP" signature="teardown()[pri:0, instance:com.magenic.jmaqs.selenium.UIWaitFactoryUnitTest@32464a14]" name="teardown" is-config="true" duration-ms="0" started-at="2019-08-26T19:42:05Z" finished-at="2019-08-26T19:42:05Z">
          <reporter-output>
          </reporter-output>
        </test-method> <!-- teardown -->
        <test-method status="SKIP" signature="postSetupLogging()[pri:0, instance:com.magenic.jmaqs.selenium.UIWaitFactoryUnitTest@32464a14]" name="postSetupLogging" is-config="true" duration-ms="0" started-at="2019-08-26T19:42:05Z" finished-at="2019-08-26T19:42:05Z">
          <reporter-output>
          </reporter-output>
        </test-method> <!-- postSetupLogging -->
        <test-method status="SKIP" signature="setWaitDriverWhenDriverKeyDoesNotExist()[pri:0, instance:com.magenic.jmaqs.selenium.UIWaitFactoryUnitTest@32464a14]" name="setWaitDriverWhenDriverKeyDoesNotExist" duration-ms="0" started-at="2019-08-26T19:42:05Z" finished-at="2019-08-26T19:42:05Z">
          <exception class="org.testng.TestNGException">
            <message>
              <![CDATA[
Can inject only one of <ITestContext, XmlTest> into a @BeforeClass annotated setup.
For more information on native dependency injection please refer to http://testng.org/doc/documentation-main.html#native-dependency-injection]]>
            </message>
            <full-stacktrace>
              <![CDATA[org.testng.TestNGException: 
Can inject only one of <ITestContext, XmlTest> into a @BeforeClass annotated setup.
For more information on native dependency injection please refer to http://testng.org/doc/documentation-main.html#native-dependency-injection
at org.testng.internal.Parameters.checkParameterTypes(Parameters.java:407)
at org.testng.internal.Parameters.createParametersForMethod(Parameters.java:356)
at org.testng.internal.Parameters.createParameters(Parameters.java:635)
at org.testng.internal.Parameters.createConfigurationParameters(Parameters.java:190)
at org.testng.internal.Invoker.invokeConfigurations(Invoker.java:209)
at org.testng.internal.Invoker.invokeConfigurations(Invoker.java:142)
at org.testng.internal.TestMethodWorker.invokeBeforeClassMethods(TestMethodWorker.java:168)
at org.testng.internal.TestMethodWorker.run(TestMethodWorker.java:105)
at org.testng.TestRunner.privateRun(TestRunner.java:648)
at org.testng.TestRunner.run(TestRunner.java:505)
at org.testng.SuiteRunner.runTest(SuiteRunner.java:455)
at org.testng.SuiteRunner.runSequentially(SuiteRunner.java:450)
at org.testng.SuiteRunner.privateRun(SuiteRunner.java:415)
at org.testng.SuiteRunner.run(SuiteRunner.java:364)
at org.testng.SuiteRunnerWorker.runSuite(SuiteRunnerWorker.java:52)
at org.testng.SuiteRunnerWorker.run(SuiteRunnerWorker.java:84)
at org.testng.TestNG.runSuitesSequentially(TestNG.java:1208)
at org.testng.TestNG.runSuitesLocally(TestNG.java:1137)
at org.testng.TestNG.runSuites(TestNG.java:1049)
at org.testng.TestNG.run(TestNG.java:1017)
at org.testng.remote.AbstractRemoteTestNG.run(AbstractRemoteTestNG.java:114)
at org.testng.remote.RemoteTestNG.initAndRun(RemoteTestNG.java:251)
at org.testng.remote.RemoteTestNG.main(RemoteTestNG.java:77)
]]>
            </full-stacktrace>
          </exception> <!-- org.testng.TestNGException -->
          <reporter-output>
          </reporter-output>
        </test-method> <!-- setWaitDriverWhenDriverKeyDoesNotExist -->
        <test-method status="SKIP" signature="setTestResult(org.testng.ITestResult)[pri:0, instance:com.magenic.jmaqs.selenium.UIWaitFactoryUnitTest@32464a14]" name="setTestResult" is-config="true" duration-ms="0" started-at="2019-08-26T19:42:05Z" finished-at="2019-08-26T19:42:05Z">
          <reporter-output>
          </reporter-output>
        </test-method> <!-- setTestResult -->
        <test-method status="SKIP" signature="teardown()[pri:0, instance:com.magenic.jmaqs.selenium.UIWaitFactoryUnitTest@32464a14]" name="teardown" is-config="true" duration-ms="0" started-at="2019-08-26T19:42:05Z" finished-at="2019-08-26T19:42:05Z">
          <reporter-output>
          </reporter-output>
        </test-method> <!-- teardown -->
      </class> <!-- com.magenic.jmaqs.selenium.UIWaitFactoryUnitTest -->
    </test> <!-- Default test -->
  </suite> <!-- Default suite -->
</testng-results>
